<?xml version="1.0" encoding="UTF-8"?>
<testsuite xmlns:xsi="http://www.w3.org/2001/XMLSchema-instance" xsi:noNamespaceSchemaLocation="https://maven.apache.org/surefire/maven-surefire-plugin/xsd/surefire-test-report.xsd" name="com.example.junit_assertions_demo.CalculatorTest" time="0.004" tests="1" errors="0" skipped="0" failures="0">
  <properties>
[...]
</properties>
  <testcase name="com.example.junit_assertions_demo.CalculatorTest.testAddition" classname="com.example.junit_assertions_demo.CalculatorTest" time="0.004"/>
</testsuite>